[2022-08-26T20:09:40.183] [DEBUG] cheese - login => username:zs,password:123456
[2022-08-26T20:09:40.186] [DEBUG] cheese - zs
[2022-08-26T20:09:40.194] [DEBUG] cheese - null
[2022-08-26T20:09:40.194] [DEBUG] cheese - null
[2022-08-26T20:10:34.518] [DEBUG] cheese - login => username:admin,password:123456
[2022-08-26T20:10:34.518] [DEBUG] cheese - admin
[2022-08-26T20:10:34.522] [DEBUG] cheese - null
[2022-08-26T20:10:34.522] [DEBUG] cheese - null
[2022-08-27T22:44:06.811] [DEBUG] cheese - login => username:1244,password:ewfwgegrv
[2022-08-27T22:44:06.812] [DEBUG] cheese - 1244
[2022-08-27T22:44:06.920] [DEBUG] cheese - null
[2022-08-27T22:44:06.920] [DEBUG] cheese - null
[2022-08-27T22:44:15.404] [DEBUG] cheese - login => username:admin,password:123456
[2022-08-27T22:44:15.404] [DEBUG] cheese - admin
[2022-08-27T22:44:15.408] [DEBUG] cheese - null
[2022-08-27T22:44:15.408] [DEBUG] cheese - null
[2022-08-27T22:51:39.769] [DEBUG] cheese - login => username:123,password:2334453
[2022-08-27T22:51:39.769] [DEBUG] cheese - 123
[2022-08-27T22:51:39.771] [DEBUG] cheese - null
[2022-08-27T22:51:39.771] [DEBUG] cheese - null
[2022-08-27T22:54:08.483] [DEBUG] cheese - login => username:123,password:sadfesrhge
[2022-08-27T22:54:08.483] [DEBUG] cheese - 123
[2022-08-27T22:54:08.484] [DEBUG] cheese - null
[2022-08-27T22:54:08.484] [DEBUG] cheese - null
[2022-08-27T22:54:23.150] [DEBUG] cheese - login => username:admin,password:123456
[2022-08-27T22:54:23.150] [DEBUG] cheese - admin
[2022-08-27T22:54:23.152] [DEBUG] cheese - null
[2022-08-27T22:54:23.152] [DEBUG] cheese - null
[2022-08-28T10:24:39.666] [DEBUG] cheese - login => username:122222,password:11111111111
[2022-08-28T10:24:39.667] [DEBUG] cheese - 122222
[2022-08-28T10:24:39.699] [DEBUG] cheese - null
[2022-08-28T10:24:39.699] [DEBUG] cheese - null
[2022-08-28T10:54:56.838] [DEBUG] cheese - login => username:admin,password:123456
[2022-08-28T10:54:56.838] [DEBUG] cheese - admin
[2022-08-28T10:54:56.842] [DEBUG] cheese - null
[2022-08-28T10:54:56.842] [DEBUG] cheese - null
[2022-08-28T11:00:34.589] [DEBUG] cheese - login => username:admin,password:123456
[2022-08-28T11:00:34.589] [DEBUG] cheese - admin
[2022-08-28T11:00:34.591] [DEBUG] cheese - null
[2022-08-28T11:00:34.592] [DEBUG] cheese - null
[2022-08-28T11:04:18.791] [DEBUG] cheese - login => username:admin,password:123456
[2022-08-28T11:04:18.791] [DEBUG] cheese - admin
[2022-08-28T11:04:18.794] [DEBUG] cheese - null
[2022-08-28T11:04:18.794] [DEBUG] cheese - null
[2022-08-28T11:50:22.582] [DEBUG] cheese - login => username:admin,password:123456
[2022-08-28T11:50:22.582] [DEBUG] cheese - admin
[2022-08-28T11:50:22.585] [DEBUG] cheese - null
[2022-08-28T11:50:22.585] [DEBUG] cheese - null
[2022-08-28T11:55:04.941] [DEBUG] cheese - login => username:admin,password:123456
[2022-08-28T11:55:04.941] [DEBUG] cheese - admin
[2022-08-28T11:55:04.945] [DEBUG] cheese - null
[2022-08-28T11:55:04.945] [DEBUG] cheese - null
[2022-08-28T11:58:38.464] [DEBUG] cheese - login => username:admin,password:123456
[2022-08-28T11:58:38.464] [DEBUG] cheese - admin
[2022-08-28T11:58:38.466] [DEBUG] cheese - null
[2022-08-28T11:58:38.467] [DEBUG] cheese - null
[2022-08-28T12:00:57.198] [DEBUG] cheese - login => username:admin,password:123456
[2022-08-28T12:00:57.198] [DEBUG] cheese - admin
[2022-08-28T12:00:57.201] [DEBUG] cheese - null
[2022-08-28T12:00:57.201] [DEBUG] cheese - null
[2022-08-28T12:01:13.346] [DEBUG] cheese - login => username:admin,password:123456
[2022-08-28T12:01:13.346] [DEBUG] cheese - admin
[2022-08-28T12:01:13.348] [DEBUG] cheese - null
[2022-08-28T12:01:13.348] [DEBUG] cheese - null
[2022-08-28T12:03:23.895] [DEBUG] cheese - login => username:admin,password:123456
[2022-08-28T12:03:23.895] [DEBUG] cheese - admin
[2022-08-28T12:03:23.897] [DEBUG] cheese - null
[2022-08-28T12:03:23.897] [DEBUG] cheese - null
[2022-08-28T12:04:30.134] [DEBUG] cheese - login => username:admin,password:123456
[2022-08-28T12:04:30.134] [DEBUG] cheese - admin
[2022-08-28T12:04:30.137] [DEBUG] cheese - null
[2022-08-28T12:04:30.137] [DEBUG] cheese - null
[2022-08-28T12:10:05.018] [DEBUG] cheese - login => username:admin,password:123456
[2022-08-28T12:10:05.018] [DEBUG] cheese - admin
[2022-08-28T12:10:05.020] [DEBUG] cheese - null
[2022-08-28T12:10:05.020] [DEBUG] cheese - null
[2022-08-28T13:08:38.069] [DEBUG] cheese - login => username:admin,password:123456
[2022-08-28T13:08:38.069] [DEBUG] cheese - admin
[2022-08-28T13:08:38.074] [DEBUG] cheese - null
[2022-08-28T13:08:38.075] [DEBUG] cheese - null
[2022-08-28T13:09:52.508] [DEBUG] cheese - login => username:admin,password:123456
[2022-08-28T13:09:52.508] [DEBUG] cheese - admin
[2022-08-28T13:09:52.510] [DEBUG] cheese - null
[2022-08-28T13:09:52.510] [DEBUG] cheese - null
[2022-08-28T14:41:28.011] [DEBUG] cheese - login => username:admin,password:123456
[2022-08-28T14:41:28.011] [DEBUG] cheese - admin
[2022-08-28T14:41:28.014] [DEBUG] cheese - null
[2022-08-28T14:41:28.015] [DEBUG] cheese - null
[2022-08-28T14:56:50.022] [DEBUG] cheese - login => username:admin,password:123456
[2022-08-28T14:56:50.022] [DEBUG] cheese - admin
[2022-08-28T14:56:50.024] [DEBUG] cheese - null
[2022-08-28T14:56:50.024] [DEBUG] cheese - null
[2022-08-28T14:58:15.000] [DEBUG] cheese - login => username:admin,password:123456
[2022-08-28T14:58:15.000] [DEBUG] cheese - admin
[2022-08-28T14:58:15.002] [DEBUG] cheese - null
[2022-08-28T14:58:15.002] [DEBUG] cheese - null
[2022-08-28T15:12:35.528] [DEBUG] cheese - login => username:admin,password:123456
[2022-08-28T15:12:35.528] [DEBUG] cheese - admin
[2022-08-28T15:12:35.530] [DEBUG] cheese - null
[2022-08-28T15:12:35.530] [DEBUG] cheese - null
[2022-08-28T15:19:20.595] [DEBUG] cheese - login => username:admin,password:123456
[2022-08-28T15:19:20.595] [DEBUG] cheese - admin
[2022-08-28T15:19:20.597] [DEBUG] cheese - null
[2022-08-28T15:19:20.597] [DEBUG] cheese - null
[2022-08-28T15:21:57.467] [DEBUG] cheese - login => username:admin,password:123456
[2022-08-28T15:21:57.467] [DEBUG] cheese - admin
[2022-08-28T15:21:57.468] [DEBUG] cheese - null
[2022-08-28T15:21:57.468] [DEBUG] cheese - null
[2022-08-28T15:22:46.234] [DEBUG] cheese - login => username:admin,password:123456
[2022-08-28T15:22:46.235] [DEBUG] cheese - admin
[2022-08-28T15:22:46.236] [DEBUG] cheese - null
[2022-08-28T15:22:46.236] [DEBUG] cheese - null
[2022-08-28T15:53:22.442] [DEBUG] cheese - login => username:admin,password:123456
[2022-08-28T15:53:22.442] [DEBUG] cheese - admin
[2022-08-28T15:53:22.444] [DEBUG] cheese - null
[2022-08-28T15:53:22.444] [DEBUG] cheese - null
[2022-08-28T16:08:41.850] [DEBUG] cheese - login => username:admin,password:123456
[2022-08-28T16:08:41.850] [DEBUG] cheese - admin
[2022-08-28T16:08:41.852] [DEBUG] cheese - null
[2022-08-28T16:08:41.852] [DEBUG] cheese - null
[2022-08-28T16:10:49.265] [DEBUG] cheese - login => username:admin,password:123456
[2022-08-28T16:10:49.265] [DEBUG] cheese - admin
[2022-08-28T16:10:49.267] [DEBUG] cheese - null
[2022-08-28T16:10:49.267] [DEBUG] cheese - null
[2022-08-28T16:12:12.708] [DEBUG] cheese - login => username:admin,password:123456
[2022-08-28T16:12:12.708] [DEBUG] cheese - admin
[2022-08-28T16:12:12.710] [DEBUG] cheese - null
[2022-08-28T16:12:12.710] [DEBUG] cheese - null
[2022-08-28T16:12:51.904] [DEBUG] cheese - login => username:admin,password:123456
[2022-08-28T16:12:51.904] [DEBUG] cheese - admin
[2022-08-28T16:12:51.906] [DEBUG] cheese - null
[2022-08-28T16:12:51.906] [DEBUG] cheese - null
[2022-08-28T16:15:36.919] [DEBUG] cheese - login => username:admin,password:123456
[2022-08-28T16:15:36.919] [DEBUG] cheese - admin
[2022-08-28T16:15:36.921] [DEBUG] cheese - null
[2022-08-28T16:15:36.921] [DEBUG] cheese - null
[2022-08-28T16:17:23.132] [DEBUG] cheese - login => username:admin,password:123456
[2022-08-28T16:17:23.132] [DEBUG] cheese - admin
[2022-08-28T16:17:23.134] [DEBUG] cheese - null
[2022-08-28T16:17:23.134] [DEBUG] cheese - null
[2022-08-28T17:09:49.970] [DEBUG] cheese - login => username:admin,password:123456
[2022-08-28T17:09:49.970] [DEBUG] cheese - admin
[2022-08-28T17:09:49.973] [DEBUG] cheese - null
[2022-08-28T17:09:49.973] [DEBUG] cheese - null
[2022-08-28T17:10:03.188] [DEBUG] cheese - login => username:admin,password:123456
[2022-08-28T17:10:03.188] [DEBUG] cheese - admin
[2022-08-28T17:10:03.190] [DEBUG] cheese - null
[2022-08-28T17:10:03.190] [DEBUG] cheese - null
[2022-08-28T17:11:10.250] [DEBUG] cheese - login => username:admin,password:123456
[2022-08-28T17:11:10.250] [DEBUG] cheese - admin
[2022-08-28T17:11:10.252] [DEBUG] cheese - null
[2022-08-28T17:11:10.252] [DEBUG] cheese - null
[2022-08-28T17:19:47.778] [DEBUG] cheese - login => username:admin,password:123456
[2022-08-28T17:19:47.778] [DEBUG] cheese - admin
[2022-08-28T17:19:47.780] [DEBUG] cheese - null
[2022-08-28T17:19:47.780] [DEBUG] cheese - null
[2022-08-28T17:24:04.341] [DEBUG] cheese - login => username:admin,password:123456
[2022-08-28T17:24:04.341] [DEBUG] cheese - admin
[2022-08-28T17:24:04.343] [DEBUG] cheese - null
[2022-08-28T17:24:04.343] [DEBUG] cheese - null
[2022-08-28T17:25:03.581] [DEBUG] cheese - login => username:admin,password:123456
[2022-08-28T17:25:03.581] [DEBUG] cheese - admin
[2022-08-28T17:25:03.583] [DEBUG] cheese - null
[2022-08-28T17:25:03.583] [DEBUG] cheese - null
[2022-08-28T17:31:45.188] [DEBUG] cheese - login => username:admin,password:123456
[2022-08-28T17:31:45.188] [DEBUG] cheese - admin
[2022-08-28T17:31:45.190] [DEBUG] cheese - null
[2022-08-28T17:31:45.190] [DEBUG] cheese - null
[2022-08-28T17:33:18.021] [DEBUG] cheese - login => username:admin,password:123456
[2022-08-28T17:33:18.021] [DEBUG] cheese - admin
[2022-08-28T17:33:18.022] [DEBUG] cheese - null
[2022-08-28T17:33:18.022] [DEBUG] cheese - null
[2022-08-28T17:33:25.102] [DEBUG] cheese - login => username:admin,password:123456
[2022-08-28T17:33:25.102] [DEBUG] cheese - admin
[2022-08-28T17:33:25.104] [DEBUG] cheese - null
[2022-08-28T17:33:25.104] [DEBUG] cheese - null
[2022-08-28T17:36:00.694] [DEBUG] cheese - login => username:admin,password:123456
[2022-08-28T17:36:00.694] [DEBUG] cheese - admin
[2022-08-28T17:36:00.696] [DEBUG] cheese - null
[2022-08-28T17:36:00.696] [DEBUG] cheese - null
[2022-08-28T17:39:17.339] [DEBUG] cheese - login => username:admin,password:123456
[2022-08-28T17:39:17.339] [DEBUG] cheese - admin
[2022-08-28T17:39:17.342] [DEBUG] cheese - null
[2022-08-28T17:39:17.342] [DEBUG] cheese - null
[2022-08-28T17:40:42.791] [DEBUG] cheese - login => username:admin,password:123456
[2022-08-28T17:40:42.791] [DEBUG] cheese - admin
[2022-08-28T17:40:42.793] [DEBUG] cheese - null
[2022-08-28T17:40:42.793] [DEBUG] cheese - null
[2022-08-28T17:44:38.070] [DEBUG] cheese - login => username:admin,password:123456
[2022-08-28T17:44:38.070] [DEBUG] cheese - admin
[2022-08-28T17:44:38.073] [DEBUG] cheese - null
[2022-08-28T17:44:38.073] [DEBUG] cheese - null
[2022-08-28T17:47:31.930] [DEBUG] cheese - login => username:admin,password:123456
[2022-08-28T17:47:31.930] [DEBUG] cheese - admin
[2022-08-28T17:47:31.932] [DEBUG] cheese - null
[2022-08-28T17:47:31.933] [DEBUG] cheese - null
[2022-08-28T17:49:26.765] [DEBUG] cheese - login => username:admin,password:123456
[2022-08-28T17:49:26.765] [DEBUG] cheese - admin
[2022-08-28T17:49:26.767] [DEBUG] cheese - null
[2022-08-28T17:49:26.767] [DEBUG] cheese - null
[2022-08-28T17:56:53.016] [DEBUG] cheese - login => username:admin,password:123456
[2022-08-28T17:56:53.016] [DEBUG] cheese - admin
[2022-08-28T17:56:53.018] [DEBUG] cheese - null
[2022-08-28T17:56:53.018] [DEBUG] cheese - null
[2022-08-28T17:59:40.890] [DEBUG] cheese - login => username:admin,password:123456
[2022-08-28T17:59:40.890] [DEBUG] cheese - admin
[2022-08-28T17:59:40.892] [DEBUG] cheese - null
[2022-08-28T17:59:40.892] [DEBUG] cheese - null
[2022-08-28T18:00:20.627] [DEBUG] cheese - login => username:admin,password:123456
[2022-08-28T18:00:20.627] [DEBUG] cheese - admin
[2022-08-28T18:00:20.629] [DEBUG] cheese - null
[2022-08-28T18:00:20.629] [DEBUG] cheese - null
[2022-08-28T18:06:17.861] [DEBUG] cheese - login => username:admin,password:123456
[2022-08-28T18:06:17.861] [DEBUG] cheese - admin
[2022-08-28T18:06:17.862] [DEBUG] cheese - null
[2022-08-28T18:06:17.862] [DEBUG] cheese - null
[2022-08-28T21:15:48.565] [DEBUG] cheese - login => username:admin,password:123456
[2022-08-28T21:15:48.565] [DEBUG] cheese - admin
[2022-08-28T21:15:48.567] [DEBUG] cheese - null
[2022-08-28T21:15:48.567] [DEBUG] cheese - null
[2022-08-28T21:15:57.432] [DEBUG] cheese - login => username:admin,password:123456
[2022-08-28T21:15:57.432] [DEBUG] cheese - admin
[2022-08-28T21:15:57.434] [DEBUG] cheese - null
[2022-08-28T21:15:57.434] [DEBUG] cheese - null
[2022-08-29T09:23:05.633] [DEBUG] cheese - login => username:admin,password:123456
[2022-08-29T09:23:05.634] [DEBUG] cheese - admin
[2022-08-29T09:23:05.642] [DEBUG] cheese - null
[2022-08-29T09:23:05.643] [DEBUG] cheese - null
[2022-08-29T13:08:39.806] [DEBUG] cheese - login => username:admin,password:123456
[2022-08-29T13:08:39.807] [DEBUG] cheese - admin
[2022-08-29T13:08:39.809] [DEBUG] cheese - null
[2022-08-29T13:08:39.809] [DEBUG] cheese - null
[2022-08-29T14:45:29.986] [DEBUG] cheese - null
[2022-08-29T14:49:08.864] [DEBUG] cheese - null
[2022-08-29T14:54:50.700] [DEBUG] cheese - null
[2022-08-29T14:55:02.215] [DEBUG] cheese - null
[2022-08-29T14:55:09.959] [DEBUG] cheese - null
[2022-08-29T14:55:15.303] [DEBUG] cheese - null
[2022-08-29T17:21:03.019] [DEBUG] cheese - null
[2022-08-29T17:21:05.965] [DEBUG] cheese - null
[2022-08-29T17:21:08.210] [DEBUG] cheese - null
[2022-08-29T19:07:41.274] [DEBUG] cheese - login => username:admin,password:123456
[2022-08-29T19:07:41.275] [DEBUG] cheese - admin
[2022-08-29T19:07:41.277] [DEBUG] cheese - null
[2022-08-29T19:07:41.277] [DEBUG] cheese - null
[2022-08-29T20:21:02.583] [DEBUG] cheese - login => username:admin,password:123456
[2022-08-29T20:21:02.584] [DEBUG] cheese - admin
[2022-08-29T20:21:02.586] [DEBUG] cheese - null
[2022-08-29T20:21:02.586] [DEBUG] cheese - null
[2022-08-29T21:12:12.017] [DEBUG] cheese - login => username:admin,password:123456
[2022-08-29T21:12:12.018] [DEBUG] cheese - admin
[2022-08-29T21:12:12.020] [DEBUG] cheese - null
[2022-08-29T21:12:12.020] [DEBUG] cheese - null
[2022-08-29T21:39:26.493] [DEBUG] cheese - login => username:admin,password:123456
[2022-08-29T21:39:26.493] [DEBUG] cheese - admin
[2022-08-29T21:39:26.495] [DEBUG] cheese - null
[2022-08-29T21:39:26.495] [DEBUG] cheese - null
[2022-08-29T21:39:41.856] [DEBUG] cheese - login => username:admin,password:123456
[2022-08-29T21:39:41.856] [DEBUG] cheese - admin
[2022-08-29T21:39:41.857] [DEBUG] cheese - null
[2022-08-29T21:39:41.857] [DEBUG] cheese - null
[2022-08-29T22:12:22.690] [DEBUG] cheese - login => username:admin,password:123456
[2022-08-29T22:12:22.690] [DEBUG] cheese - admin
[2022-08-29T22:12:22.692] [DEBUG] cheese - null
[2022-08-29T22:12:22.692] [DEBUG] cheese - null
[2022-08-30T13:17:11.770] [DEBUG] cheese - login => username:admin,password:123456
[2022-08-30T13:17:11.771] [DEBUG] cheese - admin
[2022-08-30T13:17:11.812] [DEBUG] cheese - null
[2022-08-30T13:17:11.813] [DEBUG] cheese - null
[2022-08-30T13:39:03.630] [DEBUG] cheese - login => username:admin,password:123456
[2022-08-30T13:39:03.631] [DEBUG] cheese - admin
[2022-08-30T13:39:03.633] [DEBUG] cheese - null
[2022-08-30T13:39:03.633] [DEBUG] cheese - null
[2022-08-30T13:47:58.180] [DEBUG] cheese - login => username:admin,password:123456
[2022-08-30T13:47:58.180] [DEBUG] cheese - admin
[2022-08-30T13:47:58.183] [DEBUG] cheese - null
[2022-08-30T13:47:58.183] [DEBUG] cheese - null
[2022-08-30T13:49:12.206] [DEBUG] cheese - login => username:admin,password:123456
[2022-08-30T13:49:12.206] [DEBUG] cheese - admin
[2022-08-30T13:49:12.208] [DEBUG] cheese - null
[2022-08-30T13:49:12.208] [DEBUG] cheese - null
[2022-08-30T18:14:24.834] [DEBUG] cheese - login => username:admin,password:123456
[2022-08-30T18:14:24.835] [DEBUG] cheese - admin
[2022-08-30T18:14:24.837] [DEBUG] cheese - null
[2022-08-30T18:14:24.838] [DEBUG] cheese - null
[2022-08-30T22:23:59.924] [DEBUG] cheese - login => username:admin,password:123456
[2022-08-30T22:23:59.924] [DEBUG] cheese - admin
[2022-08-30T22:23:59.926] [DEBUG] cheese - null
[2022-08-30T22:23:59.926] [DEBUG] cheese - null
[2022-08-30T22:24:08.117] [DEBUG] cheese - login => username:admin,password:123456
[2022-08-30T22:24:08.117] [DEBUG] cheese - admin
[2022-08-30T22:24:08.118] [DEBUG] cheese - null
[2022-08-30T22:24:08.118] [DEBUG] cheese - null
[2022-08-30T22:24:13.232] [DEBUG] cheese - login => username:admin,password:123456
[2022-08-30T22:24:13.232] [DEBUG] cheese - admin
[2022-08-30T22:24:13.234] [DEBUG] cheese - null
[2022-08-30T22:24:13.234] [DEBUG] cheese - null
[2022-08-31T10:17:19.776] [DEBUG] cheese - login => username:admin,password:123456
[2022-08-31T10:17:19.777] [DEBUG] cheese - admin
[2022-08-31T10:17:19.822] [DEBUG] cheese - null
[2022-08-31T10:17:19.823] [DEBUG] cheese - null
[2022-08-31T10:26:29.414] [DEBUG] cheese - login => username:admin,password:123456
[2022-08-31T10:26:29.415] [DEBUG] cheese - admin
[2022-08-31T10:26:29.418] [DEBUG] cheese - null
[2022-08-31T10:26:29.419] [DEBUG] cheese - null
[2022-09-01T14:20:39.508] [DEBUG] cheese - login => username:admin,password:123456
[2022-09-01T14:20:39.509] [DEBUG] cheese - admin
[2022-09-01T14:20:39.896] [DEBUG] cheese - null
[2022-09-01T14:20:39.896] [DEBUG] cheese - null
[2022-09-01T16:49:33.670] [DEBUG] cheese - login => username:admin,password:123456
[2022-09-01T16:49:33.671] [DEBUG] cheese - admin
[2022-09-01T16:49:33.674] [DEBUG] cheese - null
[2022-09-01T16:49:33.675] [DEBUG] cheese - null
[2022-09-01T16:58:58.460] [DEBUG] cheese - login => username:admin,password:123456
[2022-09-01T16:58:58.461] [DEBUG] cheese - admin
[2022-09-01T16:58:58.464] [DEBUG] cheese - null
[2022-09-01T16:58:58.464] [DEBUG] cheese - null
[2022-09-02T08:11:29.827] [DEBUG] cheese - login => username:admin,password:123456
[2022-09-02T08:11:29.828] [DEBUG] cheese - admin
[2022-09-02T08:11:29.894] [DEBUG] cheese - null
[2022-09-02T08:11:29.895] [DEBUG] cheese - null
[2022-09-02T12:01:05.342] [DEBUG] cheese - null
[2022-09-02T14:50:44.156] [DEBUG] cheese - login => username:admin,password:123456
[2022-09-02T14:50:44.157] [DEBUG] cheese - admin
[2022-09-02T14:50:44.164] [DEBUG] cheese - null
[2022-09-02T14:50:44.164] [DEBUG] cheese - null
[2022-09-02T21:07:22.462] [DEBUG] cheese - login => username:admin,password:123456
[2022-09-02T21:07:22.465] [DEBUG] cheese - admin
[2022-09-02T21:07:22.469] [DEBUG] cheese - null
[2022-09-02T21:07:22.470] [DEBUG] cheese - null
[2022-09-02T21:31:10.904] [DEBUG] cheese - login => username:admin,password:123456
[2022-09-02T21:31:10.905] [DEBUG] cheese - admin
[2022-09-02T21:31:10.909] [DEBUG] cheese - null
[2022-09-02T21:31:10.909] [DEBUG] cheese - null
[2022-09-02T22:20:16.580] [DEBUG] cheese - login => username:admin,password:123456
[2022-09-02T22:20:16.581] [DEBUG] cheese - admin
[2022-09-02T22:20:16.585] [DEBUG] cheese - null
[2022-09-02T22:20:16.586] [DEBUG] cheese - null
